<?xml version="1.0" encoding="UTF-8"?>
<testsuite name="com.agrotis.challenge.service.LaboratoryServiceImplTest" tests="7" skipped="0" failures="0" errors="0" timestamp="2025-04-11T12:51:40.664Z" hostname="hendryl-not" time="1.922">
  <properties/>
  <testcase name="testFindAll()" classname="com.agrotis.challenge.service.LaboratoryServiceImplTest" time="1.82"/>
  <testcase name="testCreateLaboratory()" classname="com.agrotis.challenge.service.LaboratoryServiceImplTest" time="0.027"/>
  <testcase name="testDeleteLaboratory_HasPeople()" classname="com.agrotis.challenge.service.LaboratoryServiceImplTest" time="0.015"/>
  <testcase name="testFindById()" classname="com.agrotis.challenge.service.LaboratoryServiceImplTest" time="0.008"/>
  <testcase name="testDeleteLaboratory()" classname="com.agrotis.challenge.service.LaboratoryServiceImplTest" time="0.009"/>
  <testcase name="testUpdateLaboratory()" classname="com.agrotis.challenge.service.LaboratoryServiceImplTest" time="0.013"/>
  <testcase name="testFindById_NotFound()" classname="com.agrotis.challenge.service.LaboratoryServiceImplTest" time="0.009"/>
  <system-out><![CDATA[]]></system-out>
  <system-err><![CDATA[Mockito is currently self-attaching to enable the inline-mock-maker. This will no longer work in future releases of the JDK. Please add Mockito as an agent to your build what is described in Mockito's documentation: https://javadoc.io/doc/org.mockito/mockito-core/latest/org/mockito/Mockito.html#0.3
WARNING: A Java agent has been loaded dynamically (/home/sea/.gradle/caches/modules-2/files-2.1/net.bytebuddy/byte-buddy-agent/1.15.11/a38b16385e867f59a641330f0362ebe742788ed8/byte-buddy-agent-1.15.11.jar)
WARNING: If a serviceability tool is in use, please run with -XX:+EnableDynamicAgentLoading to hide this warning
WARNING: If a serviceability tool is not in use, please run with -Djdk.instrument.traceUsage for more information
WARNING: Dynamic loading of agents will be disallowed by default in a future release
]]></system-err>
</testsuite>
